<?xml version="1.0" encoding="UTF-8"?>
<testsuite name="I'm test user for Utest" tests="1" skipped="0" failures="0" errors="0" timestamp="2022-04-01T16:17:59" hostname="JOHNASUS" time="55.441">
  <properties/>
  <testcase name="User successfully create" classname="I'm test user for Utest" time="55.441"/>
  <system-out><![CDATA[]]></system-out>
  <system-err><![CDATA[abr 01, 2022 11:18:00 AM org.openqa.selenium.remote.DesiredCapabilities chrome
INFORMACIÓN: Using `new ChromeOptions()` is preferred to `DesiredCapabilities.chrome()`
Starting ChromeDriver 100.0.4896.60 (6a5d10861ce8de5fce22564658033b43cb7de047-refs/branch-heads/4896@{#875}) on port 21874
Only local connections are allowed.
Please see https://chromedriver.chromium.org/security-considerations for suggestions on keeping ChromeDriver safe.
ChromeDriver was started successfully.
abr 01, 2022 11:18:02 AM org.openqa.selenium.remote.ProtocolHandshake createSession
INFORMACIÓN: Detected dialect: W3C
]]></system-err>
</testsuite>
